<?xml version="1.0" encoding="UTF-8"?>
<!-- Generated by org.testng.reporters.JUnitReportReporter -->
<testsuite hostname="LAPTOP-7A23BLBV" failures="0" tests="1" name="ProjectBootCamp1.Homedepot.SignInHomeDepot" time="16.548" errors="0" timestamp="2022-01-23T03:52:13 EST" skipped="0">
  <testcase classname="ProjectBootCamp1.Homedepot.SignInHomeDepot" name="f" time="16.548"/>
  <system-out/>
</testsuite> <!-- ProjectBootCamp1.Homedepot.SignInHomeDepot -->
